<?xml version="1.0" encoding="UTF-8"?>
<testsuite name="com.example.objectmapper.ObjectMapperApplicationTests" tests="1" skipped="0" failures="0" errors="0" timestamp="2021-08-27T14:43:17" hostname="DESKTOP-4D9P40C" time="0.997">
  <properties/>
  <testcase name="contextLoads()" classname="com.example.objectmapper.ObjectMapperApplicationTests" time="0.997"/>
  <system-out><![CDATA[23:43:10.790 [Test worker] DEBUG org.springframework.test.context.BootstrapUtils - Instantiating CacheAwareContextLoaderDelegate from class [org.springframework.test.context.cache.DefaultCacheAwareContextLoaderDelegate]
23:43:10.816 [Test worker] DEBUG org.springframework.test.context.BootstrapUtils - Instantiating BootstrapContext using constructor [public org.springframework.test.context.support.DefaultBootstrapContext(java.lang.Class,org.springframework.test.context.CacheAwareContextLoaderDelegate)]
23:43:10.889 [Test worker] DEBUG org.springframework.test.context.BootstrapUtils - Instantiating TestContextBootstrapper for test class [com.example.objectmapper.ObjectMapperApplicationTests] from class [org.springframework.boot.test.context.SpringBootTestContextBootstrapper]
23:43:10.927 [Test worker] INFO org.springframework.boot.test.context.SpringBootTestContextBootstrapper - Neither @ContextConfiguration nor @ContextHierarchy found for test class [com.example.objectmapper.ObjectMapperApplicationTests], using SpringBootContextLoader
23:43:10.939 [Test worker] DEBUG org.springframework.test.context.support.AbstractContextLoader - Did not detect default resource location for test class [com.example.objectmapper.ObjectMapperApplicationTests]: class path resource [com/example/objectmapper/ObjectMapperApplicationTests-context.xml] does not exist
23:43:10.940 [Test worker] DEBUG org.springframework.test.context.support.AbstractContextLoader - Did not detect default resource location for test class [com.example.objectmapper.ObjectMapperApplicationTests]: class path resource [com/example/objectmapper/ObjectMapperApplicationTestsContext.groovy] does not exist
23:43:10.941 [Test worker] INFO org.springframework.test.context.support.AbstractContextLoader - Could not detect default resource locations for test class [com.example.objectmapper.ObjectMapperApplicationTests]: no resource found for suffixes {-context.xml, Context.groovy}.
23:43:10.942 [Test worker] INFO org.springframework.test.context.support.AnnotationConfigContextLoaderUtils - Could not detect default configuration classes for test class [com.example.objectmapper.ObjectMapperApplicationTests]: ObjectMapperApplicationTests does not declare any static, non-private, non-final, nested classes annotated with @Configuration.
23:43:11.037 [Test worker] DEBUG org.springframework.test.context.support.ActiveProfilesUtils - Could not find an 'annotation declaring class' for annotation type [org.springframework.test.context.ActiveProfiles] and class [com.example.objectmapper.ObjectMapperApplicationTests]
23:43:11.193 [Test worker] DEBUG org.springframework.context.annotation.ClassPathScanningCandidateComponentProvider - Identified candidate component class: file [C:\Users\LG\eclipse-workspace\object-mapper\build\classes\java\main\com\example\objectmapper\ObjectMapperApplication.class]
23:43:11.198 [Test worker] INFO org.springframework.boot.test.context.SpringBootTestContextBootstrapper - Found @SpringBootConfiguration com.example.objectmapper.ObjectMapperApplication for test class com.example.objectmapper.ObjectMapperApplicationTests
23:43:11.485 [Test worker] DEBUG org.springframework.boot.test.context.SpringBootTestContextBootstrapper - @TestExecutionListeners is not present for class [com.example.objectmapper.ObjectMapperApplicationTests]: using defaults.
23:43:11.488 [Test worker] INFO org.springframework.boot.test.context.SpringBootTestContextBootstrapper - Loaded default TestExecutionListener class names from location [META-INF/spring.factories]: [org.springframework.boot.test.autoconfigure.restdocs.RestDocsTestExecutionListener, org.springframework.boot.test.autoconfigure.web.client.MockRestServiceServerResetTestExecutionListener, org.springframework.boot.test.autoconfigure.web.servlet.MockMvcPrintOnlyOnFailureTestExecutionListener, org.springframework.boot.test.autoconfigure.web.servlet.WebDriverTestExecutionListener, org.springframework.boot.test.autoconfigure.webservices.client.MockWebServiceServerTestExecutionListener, org.springframework.boot.test.mock.mockito.MockitoTestExecutionListener, org.springframework.boot.test.mock.mockito.ResetMocksTestExecutionListener, org.springframework.test.context.web.ServletTestExecutionListener, org.springframework.test.context.support.DirtiesContextBeforeModesTestExecutionListener, org.springframework.test.context.event.ApplicationEventsTestExecutionListener, org.springframework.test.context.support.DependencyInjectionTestExecutionListener, org.springframework.test.context.support.DirtiesContextTestExecutionListener, org.springframework.test.context.transaction.TransactionalTestExecutionListener, org.springframework.test.context.jdbc.SqlScriptsTestExecutionListener, org.springframework.test.context.event.EventPublishingTestExecutionListener]
23:43:11.536 [Test worker] DEBUG org.springframework.boot.test.context.SpringBootTestContextBootstrapper - Skipping candidate TestExecutionListener [org.springframework.test.context.transaction.TransactionalTestExecutionListener] due to a missing dependency. Specify custom listener classes or make the default listener classes and their required dependencies available. Offending class: [org/springframework/transaction/interceptor/TransactionAttributeSource]
23:43:11.541 [Test worker] DEBUG org.springframework.boot.test.context.SpringBootTestContextBootstrapper - Skipping candidate TestExecutionListener [org.springframework.test.context.jdbc.SqlScriptsTestExecutionListener] due to a missing dependency. Specify custom listener classes or make the default listener classes and their required dependencies available. Offending class: [org/springframework/transaction/interceptor/TransactionAttribute]
23:43:11.541 [Test worker] INFO org.springframework.boot.test.context.SpringBootTestContextBootstrapper - Using TestExecutionListeners: [org.springframework.test.context.web.ServletTestExecutionListener@52d636ef, org.springframework.test.context.support.DirtiesContextBeforeModesTestExecutionListener@4c9579ab, org.springframework.test.context.event.ApplicationEventsTestExecutionListener@63bf99cd, org.springframework.boot.test.mock.mockito.MockitoTestExecutionListener@5bb81bb6, org.springframework.boot.test.autoconfigure.SpringBootDependencyInjectionTestExecutionListener@383a2f60, org.springframework.test.context.support.DirtiesContextTestExecutionListener@5f0551ed, org.springframework.test.context.event.EventPublishingTestExecutionListener@406bda31, org.springframework.boot.test.autoconfigure.restdocs.RestDocsTestExecutionListener@5b151c21, org.springframework.boot.test.autoconfigure.web.client.MockRestServiceServerResetTestExecutionListener@32bd790c, org.springframework.boot.test.autoconfigure.web.servlet.MockMvcPrintOnlyOnFailureTestExecutionListener@4742dc8f, org.springframework.boot.test.autoconfigure.web.servlet.WebDriverTestExecutionListener@59e62c04, org.springframework.boot.test.autoconfigure.webservices.client.MockWebServiceServerTestExecutionListener@2ae1d70d, org.springframework.boot.test.mock.mockito.ResetMocksTestExecutionListener@73cdbe44]
23:43:11.554 [Test worker] DEBUG org.springframework.test.context.support.AbstractDirtiesContextTestExecutionListener - Before test class: context [DefaultTestContext@3d749d4 testClass = ObjectMapperApplicationTests, testInstance = [null], testMethod = [null], testException = [null], mergedContextConfiguration = [WebMergedContextConfiguration@7ebf8cf3 testClass = ObjectMapperApplicationTests, locations = '{}', classes = '{class com.example.objectmapper.ObjectMapperApplication}', contextInitializerClasses = '[]', activeProfiles = '{}', propertySourceLocations = '{}', propertySourceProperties = '{org.springframework.boot.test.context.SpringBootTestContextBootstrapper=true}', contextCustomizers = set[org.springframework.boot.test.autoconfigure.actuate.metrics.MetricsExportContextCustomizerFactory$DisableMetricExportContextCustomizer@4a0cbd9f, org.springframework.boot.test.autoconfigure.properties.PropertyMappingContextCustomizer@0, org.springframework.boot.test.autoconfigure.web.servlet.WebDriverContextCustomizerFactory$Customizer@32e6d7ed, org.springframework.boot.test.context.filter.ExcludeFilterContextCustomizer@1340bcd4, org.springframework.boot.test.json.DuplicateJsonObjectContextCustomizerFactory$DuplicateJsonObjectContextCustomizer@6e541f08, org.springframework.boot.test.mock.mockito.MockitoContextCustomizer@0, org.springframework.boot.test.web.client.TestRestTemplateContextCustomizer@69ede3a9, org.springframework.boot.test.context.SpringBootTestArgs@1, org.springframework.boot.test.context.SpringBootTestWebEnvironment@165e34ec], resourceBasePath = 'src/main/webapp', contextLoader = 'org.springframework.boot.test.context.SpringBootContextLoader', parent = [null]], attributes = map['org.springframework.test.context.web.ServletTestExecutionListener.activateListener' -> true]], class annotated with @DirtiesContext [false] with mode [null].
23:43:11.649 [Test worker] DEBUG org.springframework.test.context.support.TestPropertySourceUtils - Adding inlined properties to environment: {spring.jmx.enabled=false, org.springframework.boot.test.context.SpringBootTestContextBootstrapper=true}

  .   ____          _            __ _ _
 /\\ / ___'_ __ _ _(_)_ __  __ _ \ \ \ \
( ( )\___ | '_ | '_| | '_ \/ _` | \ \ \ \
 \\/  ___)| |_)| | | | | || (_| |  ) ) ) )
  '  |____| .__|_| |_|_| |_\__, | / / / /
 =========|_|==============|___/=/_/_/_/
 :: Spring Boot ::                (v2.5.4)

2021-08-27 23:43:12.391  INFO 22088 --- [    Test worker] c.e.o.ObjectMapperApplicationTests       : Starting ObjectMapperApplicationTests using Java 11.0.12 on DESKTOP-4D9P40C with PID 22088 (started by LG in C:\Users\LG\eclipse-workspace\object-mapper)
2021-08-27 23:43:12.400  INFO 22088 --- [    Test worker] c.e.o.ObjectMapperApplicationTests       : No active profile set, falling back to default profiles: default
2021-08-27 23:43:17.432  INFO 22088 --- [    Test worker] c.e.o.ObjectMapperApplicationTests       : Started ObjectMapperApplicationTests in 5.761 seconds (JVM running for 10.076)
----------
{"name":"steve","age":10,"phone_number":"010-1234-2222"}
User{name='steve', age=10, phoneNumber='010-1234-2222'}
]]></system-out>
  <system-err><![CDATA[]]></system-err>
</testsuite>
